
Showing logs for build [32mcb-kubecd-environment-pr-191-13-6r7km-1[0m stage [32mfrom-build-pack[0m and container [32mstep-credential-initializer-2vsz7[0m
{"level":"warn","ts":1585516360.2435925,"logger":"fallback-logger","caller":"logging/config.go:69","msg":"Fetch GitHub commit ID from kodata failed: \"ref: refs/heads/0.8.0-**-support-backwards-incompats\" is not a valid GitHub commit ID"}
{"level":"info","ts":1585516360.2441201,"logger":"fallback-logger","caller":"creds-init/main.go:40","msg":"Credentials initialized."}

Showing logs for build [32mcb-kubecd-environment-pr-191-13-6r7km-1[0m stage [32mfrom-build-pack[0m and container [32mstep-working-dir-initializer-fngcq[0m
{"level":"warn","ts":1585516360.8077352,"logger":"fallback-logger","caller":"logging/config.go:69","msg":"Fetch GitHub commit ID from kodata failed: open /var/run/ko/HEAD: no such file or directory"}
{"level":"info","ts":1585516360.812526,"logger":"fallback-logger","caller":"bash/main.go:64","msg":"Successfully executed command \"sh -c mkdir -p /workspace/source\"; output "}

Showing logs for build [32mcb-kubecd-environment-pr-191-13-6r7km-1[0m stage [32mfrom-build-pack[0m and container [32mstep-place-tools[0m

Showing logs for build [32mcb-kubecd-environment-pr-191-13-6r7km-1[0m stage [32mfrom-build-pack[0m and container [32mstep-git-source-cb-kubecd-environment-pr-191-13-6r7km-5ng98[0m
{"level":"warn","ts":1585516364.9737628,"logger":"fallback-logger","caller":"logging/config.go:69","msg":"Fetch GitHub commit ID from kodata failed: \"ref: refs/heads/0.8.0-**-support-backwards-incompats\" is not a valid GitHub commit ID"}
{"level":"info","ts":1585516366.0711935,"logger":"fallback-logger","caller":"git/git.go:103","msg":"Successfully cloned https://github.com/cb-kubecd/environment-pr-191-133-boot-gke-staging.git @ master in path /workspace/source"}

Showing logs for build [32mcb-kubecd-environment-pr-191-13-6r7km-1[0m stage [32mfrom-build-pack[0m and container [32mstep-git-merge[0m
Using SHAs from PULL_REFS=master:3778657c8d65eb361bd73b5ed2a33630f50fe6e7,4:24b5f3701d7cf2aeebdac276f6fd65f7eb51a49e
DEBUG: LC_ALL=C JX_LOG_LEVEL=error git fetch origin --unshallow 24b5f3701d7cf2aeebdac276f6fd65f7eb51a49e: 3778657c8d65eb361bd73b5ed2a33630f50fe6e7:
DEBUG: ran git fetch --unshallow origin 24b5f3701d7cf2aeebdac276f6fd65f7eb51a49e: 3778657c8d65eb361bd73b5ed2a33630f50fe6e7: in 
DEBUG: LC_ALL=C JX_LOG_LEVEL=error git branch
DEBUG: LC_ALL=C JX_LOG_LEVEL=error git checkout master
DEBUG: ran git checkout master in 
DEBUG: LC_ALL=C JX_LOG_LEVEL=error git reset --hard 3778657c8d65eb361bd73b5ed2a33630f50fe6e7
DEBUG: ran git reset --hard 3778657c8d65eb361bd73b5ed2a33630f50fe6e7 in 
DEBUG: JX_LOG_LEVEL=error LC_ALL=C git clean -fd .
DEBUG: ran clean --force -d . in 
DEBUG: LC_ALL=C JX_LOG_LEVEL=error git merge 24b5f3701d7cf2aeebdac276f6fd65f7eb51a49e
DEBUG: ran git merge 24b5f3701d7cf2aeebdac276f6fd65f7eb51a49e in 
DEBUG: LC_ALL=C JX_LOG_LEVEL=error git log --format=%H%x1f%an%x1f%ae%x1f%cn%x1f%ce%x1f%s%n%b%x1e 3778657c8d65eb361bd73b5ed2a33630f50fe6e7..HEAD
Merged SHA 24b5f3701d7cf2aeebdac276f6fd65f7eb51a49e with commit message 'chore: Promote bdd-gh-1585514538 to version 0.0.1' into base branch master

Showing logs for build [32mcb-kubecd-environment-pr-191-13-6r7km-1[0m stage [32mfrom-build-pack[0m and container [32mstep-build-helm-build[0m
WARNING: No $CHART_REPOSITORY defined so using the default value of: http://jenkins-x-chartmuseum:8080
Adding missing Helm repo: storage.googleapis.com https://storage.googleapis.com/chartmuseum.jenkins-x.io
WARNING: No secrets found on "helm/repos" due: reading the secret "helm/repos" from vault: no secret "helm/repos" not found in vault
Read credentials for https://storage.googleapis.com/chartmuseum.jenkins-x.io from vault helm/repos
Successfully added Helm repository storage.googleapis.com.
Adding missing Helm repo: jenkins-x-chartmuseum http://jenkins-x-chartmuseum:8080
WARNING: No secrets found on "helm/repos" due: reading the secret "helm/repos" from vault: no secret "helm/repos" not found in vault
Read credentials for http://jenkins-x-chartmuseum:8080 from vault helm/repos
Successfully added Helm repository jenkins-x-chartmuseum.
WARNING: No $CHART_REPOSITORY defined so using the default value of: http://jenkins-x-chartmuseum:8080
Adding missing Helm repo: chartmuseum.jenkins-x.io http://chartmuseum.jenkins-x.io
WARNING: No secrets found on "helm/repos" due: reading the secret "helm/repos" from vault: no secret "helm/repos" not found in vault
Read credentials for http://chartmuseum.jenkins-x.io from vault helm/repos
Successfully added Helm repository chartmuseum.jenkins-x.io.
