
Showing logs for build [32mcb-kubecd-environment-pr-191-13-tfzdm-1[0m stage [32mfrom-build-pack[0m and container [32mstep-credential-initializer-fcrxb[0m
{"level":"warn","ts":1585518420.0845358,"logger":"fallback-logger","caller":"logging/config.go:69","msg":"Fetch GitHub commit ID from kodata failed: \"ref: refs/heads/0.8.0-**-support-backwards-incompats\" is not a valid GitHub commit ID"}
{"level":"info","ts":1585518420.0853047,"logger":"fallback-logger","caller":"creds-init/main.go:40","msg":"Credentials initialized."}

Showing logs for build [32mcb-kubecd-environment-pr-191-13-tfzdm-1[0m stage [32mfrom-build-pack[0m and container [32mstep-working-dir-initializer-zwkl8[0m
{"level":"warn","ts":1585518420.778068,"logger":"fallback-logger","caller":"logging/config.go:69","msg":"Fetch GitHub commit ID from kodata failed: open /var/run/ko/HEAD: no such file or directory"}
{"level":"info","ts":1585518420.7792888,"logger":"fallback-logger","caller":"bash/main.go:64","msg":"Successfully executed command \"sh -c mkdir -p /workspace/source\"; output "}

Showing logs for build [32mcb-kubecd-environment-pr-191-13-tfzdm-1[0m stage [32mfrom-build-pack[0m and container [32mstep-place-tools[0m

Showing logs for build [32mcb-kubecd-environment-pr-191-13-tfzdm-1[0m stage [32mfrom-build-pack[0m and container [32mstep-git-source-cb-kubecd-environment-pr-191-13-tfzdm-sbh9l[0m
{"level":"warn","ts":1585518425.9724808,"logger":"fallback-logger","caller":"logging/config.go:69","msg":"Fetch GitHub commit ID from kodata failed: \"ref: refs/heads/0.8.0-**-support-backwards-incompats\" is not a valid GitHub commit ID"}
{"level":"info","ts":1585518427.150319,"logger":"fallback-logger","caller":"git/git.go:103","msg":"Successfully cloned https://github.com/cb-kubecd/environment-pr-191-133-boot-gke-staging.git @ master in path /workspace/source"}

Showing logs for build [32mcb-kubecd-environment-pr-191-13-tfzdm-1[0m stage [32mfrom-build-pack[0m and container [32mstep-git-merge[0m
Using SHAs from PULL_REFS=master:0a55a8fe8481a55cfe6f9e08a518b4864e329d65,8:d329b6d5a2e22f75b6d7e4b892cf5b13b6486ee9
DEBUG: LC_ALL=C JX_LOG_LEVEL=error git fetch origin --unshallow d329b6d5a2e22f75b6d7e4b892cf5b13b6486ee9: 0a55a8fe8481a55cfe6f9e08a518b4864e329d65:
DEBUG: ran git fetch --unshallow origin d329b6d5a2e22f75b6d7e4b892cf5b13b6486ee9: 0a55a8fe8481a55cfe6f9e08a518b4864e329d65: in 
DEBUG: LC_ALL=C JX_LOG_LEVEL=error git branch
DEBUG: LC_ALL=C JX_LOG_LEVEL=error git checkout master
DEBUG: ran git checkout master in 
DEBUG: LC_ALL=C JX_LOG_LEVEL=error git reset --hard 0a55a8fe8481a55cfe6f9e08a518b4864e329d65
DEBUG: ran git reset --hard 0a55a8fe8481a55cfe6f9e08a518b4864e329d65 in 
DEBUG: LC_ALL=C JX_LOG_LEVEL=error git clean -fd .
DEBUG: ran clean --force -d . in 
DEBUG: LC_ALL=C JX_LOG_LEVEL=error git merge d329b6d5a2e22f75b6d7e4b892cf5b13b6486ee9
DEBUG: ran git merge d329b6d5a2e22f75b6d7e4b892cf5b13b6486ee9 in 
DEBUG: LC_ALL=C JX_LOG_LEVEL=error git log --format=%H%x1f%an%x1f%ae%x1f%cn%x1f%ce%x1f%s%n%b%x1e 0a55a8fe8481a55cfe6f9e08a518b4864e329d65..HEAD
Merged SHA d329b6d5a2e22f75b6d7e4b892cf5b13b6486ee9 with commit message 'chore: Promote bdd-sbhg-import-1585516752 to version 0.0.1' into base branch master

Showing logs for build [32mcb-kubecd-environment-pr-191-13-tfzdm-1[0m stage [32mfrom-build-pack[0m and container [32mstep-build-helm-build[0m
WARNING: No $CHART_REPOSITORY defined so using the default value of: http://jenkins-x-chartmuseum:8080
Adding missing Helm repo: storage.googleapis.com https://storage.googleapis.com/chartmuseum.jenkins-x.io
WARNING: No secrets found on "helm/repos" due: reading the secret "helm/repos" from vault: no secret "helm/repos" not found in vault
Read credentials for https://storage.googleapis.com/chartmuseum.jenkins-x.io from vault helm/repos
Successfully added Helm repository storage.googleapis.com.
Adding missing Helm repo: jenkins-x-chartmuseum http://jenkins-x-chartmuseum:8080
WARNING: No secrets found on "helm/repos" due: reading the secret "helm/repos" from vault: no secret "helm/repos" not found in vault
Read credentials for http://jenkins-x-chartmuseum:8080 from vault helm/repos
Successfully added Helm repository jenkins-x-chartmuseum.
WARNING: No $CHART_REPOSITORY defined so using the default value of: http://jenkins-x-chartmuseum:8080
Adding missing Helm repo: chartmuseum.jenkins-x.io http://chartmuseum.jenkins-x.io
WARNING: No secrets found on "helm/repos" due: reading the secret "helm/repos" from vault: no secret "helm/repos" not found in vault
Read credentials for http://chartmuseum.jenkins-x.io from vault helm/repos
Successfully added Helm repository chartmuseum.jenkins-x.io.
